<?xml version="1.0" encoding="UTF-8"?>
<testsuite name="com.shraddhacalendar.astro.AstroCalculationsTest" tests="4" skipped="0" failures="0" errors="0" timestamp="2026-08-20T13:27:12.949Z" hostname="gkulkarni-LTM" time="0.012">
  <properties/>
  <testcase name="testSunriseSunsetBengaluru" classname="com.shraddhacalendar.astro.AstroCalculationsTest" time="0.005"/>
  <testcase name="testDinmanaAndAparahnaKala" classname="com.shraddhacalendar.astro.AstroCalculationsTest" time="0.001"/>
  <testcase name="testJulianDay" classname="com.shraddhacalendar.astro.AstroCalculationsTest" time="0.0"/>
  <testcase name="testSunCoordinatesAndAyanamsha" classname="com.shraddhacalendar.astro.AstroCalculationsTest" time="0.001"/>
  <system-out><![CDATA[]]></system-out>
  <system-err><![CDATA[]]></system-err>
</testsuite>
