<?xml version="1.0" encoding="UTF-8"?>
<testsuite name="com.shraddhacalendar.shraddha.RealWorldPanchangaValidationTest" tests="4" skipped="0" failures="0" errors="0" timestamp="2026-08-20T13:27:13.577Z" hostname="gkulkarni-LTM" time="0.054">
  <properties/>
  <testcase name="testMantralayamLocationCalculations" classname="com.shraddhacalendar.shraddha.RealWorldPanchangaValidationTest" time="0.036"/>
  <testcase name="testCityDatabaseCompleteness" classname="com.shraddhacalendar.shraddha.RealWorldPanchangaValidationTest" time="0.001"/>
  <testcase name="testTimeOfDayAffectsDeathTithi" classname="com.shraddhacalendar.shraddha.RealWorldPanchangaValidationTest" time="0.0"/>
  <testcase name="testUttaradimathaBengaluruParabhavaSamvatsara2026" classname="com.shraddhacalendar.shraddha.RealWorldPanchangaValidationTest" time="0.017"/>
  <system-out><![CDATA[]]></system-out>
  <system-err><![CDATA[]]></system-err>
</testsuite>
