<?xml version="1.0" encoding="UTF-8"?>
<testsuite name="com.shraddhacalendar.ui.UiUxFunctionalityTest" tests="6" skipped="0" failures="0" errors="0" timestamp="2026-08-20T13:27:13.725Z" hostname="gkulkarni-LTM" time="0.017">
  <properties/>
  <testcase name="testValidationAndEmptyNameHandling" classname="com.shraddhacalendar.ui.UiUxFunctionalityTest" time="0.0"/>
  <testcase name="testCityDatabaseWorldCoverage" classname="com.shraddhacalendar.ui.UiUxFunctionalityTest" time="0.001"/>
  <testcase name="testUniqueEntityKeys" classname="com.shraddhacalendar.ui.UiUxFunctionalityTest" time="0.0"/>
  <testcase name="testShodashaOrderAndDatesForPraneshKulkarni" classname="com.shraddhacalendar.ui.UiUxFunctionalityTest" time="0.015"/>
  <testcase name="testLanguageNativeDisplayNames" classname="com.shraddhacalendar.ui.UiUxFunctionalityTest" time="0.0"/>
  <testcase name="testAllLanguagesLocalizationFidelity" classname="com.shraddhacalendar.ui.UiUxFunctionalityTest" time="0.001"/>
  <system-out><![CDATA[]]></system-out>
  <system-err><![CDATA[]]></system-err>
</testsuite>
