<?xml version="1.0" encoding="UTF-8"?>
<testsuite name="com.shraddhacalendar.calendar.CalendarManagerTest" tests="4" skipped="0" failures="0" errors="0" timestamp="2026-08-20T13:27:13.553Z" hostname="gkulkarni-LTM" time="0.02">
  <properties/>
  <testcase name="testMakeEntityKeyWithPersonName" classname="com.shraddhacalendar.calendar.CalendarManagerTest" time="0.01"/>
  <testcase name="testPatternMatchingForCalendarEventDelete" classname="com.shraddhacalendar.calendar.CalendarManagerTest" time="0.0"/>
  <testcase name="testDescriptionContent" classname="com.shraddhacalendar.calendar.CalendarManagerTest" time="0.008"/>
  <testcase name="testEventTitleWithPersonName" classname="com.shraddhacalendar.calendar.CalendarManagerTest" time="0.001"/>
  <system-out><![CDATA[]]></system-out>
  <system-err><![CDATA[]]></system-err>
</testsuite>
